<?xml version="1.0" ?>
<!--
author: ${author}

<!DOCTYPE pencil-config
  PUBLIC "-//Andreas Siebert at j2biz.com//DTD pencil configuration 0.2//EN"
  "file://config.dtd" >
  -->
	
<pencil-config basedir="${basedir}" output-path="${enhanced.classes.dir}" >
    <src-classes >
      <source path="${enhanced.classes.dir}">
          <package name="com.j2biz" />
      </source> 
    </src-classes>
    
<!--
	<classloader>
			<classpath-entry path="../testAddon/test-addon.jar" type="jar" />
	</classloader>
-->	
</pencil-config>